# JRE version: Java(TM) SE Runtime Environment (8.0_271-b09) (build 1.8.0_271-b09)
# Java VM: Java HotSpot(TM) 64-Bit Server VM (25.271-b09 mixed mode windows-amd64 compressed oops)
Heap:
 PSYoungGen      total 494592K, used 410116K [0x00000000d5f80000, 0x00000000f6300000, 0x0000000100000000)
  eden space 468480K, 82% used [0x00000000d5f80000,0x00000000ed87cdf8,0x00000000f2900000)
  from space 26112K, 92% used [0x00000000f4700000,0x00000000f5e842a8,0x00000000f6080000)
  to   space 29696K, 0% used [0x00000000f2900000,0x00000000f2900000,0x00000000f4600000)
 ParOldGen       total 193536K, used 165510K [0x0000000081e00000, 0x000000008db00000, 0x00000000d5f80000)
  object space 193536K, 85% used [0x0000000081e00000,0x000000008bfa19d8,0x000000008db00000)
 Metaspace       used 29810K, capacity 30969K, committed 31280K, reserved 1077248K
  class space    used 3783K, capacity 4028K, committed 4144K, reserved 1048576K
GC Heap History (10 events):
Event: 13.911 GC heap before
{Heap before GC invocations=11 (full 1):
 PSYoungGen      total 141312K, used 136281K [0x00000000d5f80000, 0x00000000e4080000, 0x0000000100000000)
  eden space 127488K, 99% used [0x00000000d5f80000,0x00000000ddbb5b20,0x00000000ddc00000)
  from space 13824K, 65% used [0x00000000ddc00000,0x00000000de4e0a60,0x00000000de980000)
  to   space 14336K, 0% used [0x00000000e3280000,0x00000000e3280000,0x00000000e4080000)
 ParOldGen       total 193536K, used 135324K [0x0000000081e00000, 0x000000008db00000, 0x00000000d5f80000)
  object space 193536K, 69% used [0x0000000081e00000,0x000000008a2273f8,0x000000008db00000)
 Metaspace       used 27584K, capacity 28663K, committed 28848K, reserved 1075200K
  class space    used 3675K, capacity 3921K, committed 4016K, reserved 1048576K
Event: 13.918 GC heap after
Heap after GC invocations=11 (full 1):
 PSYoungGen      total 212480K, used 14314K [0x00000000d5f80000, 0x00000000e4680000, 0x0000000100000000)
  eden space 198144K, 0% used [0x00000000d5f80000,0x00000000d5f80000,0x00000000e2100000)
  from space 14336K, 99% used [0x00000000e3280000,0x00000000e407ab10,0x00000000e4080000)
  to   space 17920K, 0% used [0x00000000e2100000,0x00000000e2100000,0x00000000e3280000)
 ParOldGen       total 193536K, used 139159K [0x0000000081e00000, 0x000000008db00000, 0x00000000d5f80000)
  object space 193536K, 71% used [0x0000000081e00000,0x000000008a5e5da0,0x000000008db00000)
 Metaspace       used 27584K, capacity 28663K, committed 28848K, reserved 1075200K
  class space    used 3675K, capacity 3921K, committed 4016K, reserved 1048576K
}
Event: 16.347 GC heap before
{Heap before GC invocations=12 (full 1):
 PSYoungGen      total 212480K, used 212458K [0x00000000d5f80000, 0x00000000e4680000, 0x0000000100000000)
  eden space 198144K, 100% used [0x00000000d5f80000,0x00000000e2100000,0x00000000e2100000)
  from space 14336K, 99% used [0x00000000e3280000,0x00000000e407ab10,0x00000000e4080000)
  to   space 17920K, 0% used [0x00000000e2100000,0x00000000e2100000,0x00000000e3280000)
 ParOldGen       total 193536K, used 139159K [0x0000000081e00000, 0x000000008db00000, 0x00000000d5f80000)
  object space 193536K, 71% used [0x0000000081e00000,0x000000008a5e5da0,0x000000008db00000)
 Metaspace       used 28438K, capacity 29589K, committed 29872K, reserved 1075200K
  class space    used 3714K, capacity 3968K, committed 4016K, reserved 1048576K
Event: 16.357 GC heap after
Heap after GC invocations=12 (full 1):
 PSYoungGen      total 216064K, used 12951K [0x00000000d5f80000, 0x00000000eb400000, 0x0000000100000000)
  eden space 198144K, 0% used [0x00000000d5f80000,0x00000000d5f80000,0x00000000e2100000)
  from space 17920K, 72% used [0x00000000e2100000,0x00000000e2da5f30,0x00000000e3280000)
  to   space 19456K, 0% used [0x00000000ea100000,0x00000000ea100000,0x00000000eb400000)
 ParOldGen       total 193536K, used 149915K [0x0000000081e00000, 0x000000008db00000, 0x00000000d5f80000)
  object space 193536K, 77% used [0x0000000081e00000,0x000000008b066de0,0x000000008db00000)
 Metaspace       used 28438K, capacity 29589K, committed 29872K, reserved 1075200K
  class space    used 3714K, capacity 3968K, committed 4016K, reserved 1048576K
}
Event: 18.591 GC heap before
{Heap before GC invocations=13 (full 1):
 PSYoungGen      total 216064K, used 211095K [0x00000000d5f80000, 0x00000000eb400000, 0x0000000100000000)
  eden space 198144K, 100% used [0x00000000d5f80000,0x00000000e2100000,0x00000000e2100000)
  from space 17920K, 72% used [0x00000000e2100000,0x00000000e2da5f30,0x00000000e3280000)
  to   space 19456K, 0% used [0x00000000ea100000,0x00000000ea100000,0x00000000eb400000)
 ParOldGen       total 193536K, used 149915K [0x0000000081e00000, 0x000000008db00000, 0x00000000d5f80000)
  object space 193536K, 77% used [0x0000000081e00000,0x000000008b066de0,0x000000008db00000)
 Metaspace       used 28916K, capacity 30063K, committed 30128K, reserved 1075200K
  class space    used 3720K, capacity 3969K, committed 4016K, reserved 1048576K
Event: 18.602 GC heap after
Heap after GC invocations=13 (full 1):
 PSYoungGen      total 327168K, used 13481K [0x00000000d5f80000, 0x00000000eb400000, 0x0000000100000000)
  eden space 307712K, 0% used [0x00000000d5f80000,0x00000000d5f80000,0x00000000e8c00000)
  from space 19456K, 69% used [0x00000000ea100000,0x00000000eae2a730,0x00000000eb400000)
  to   space 20480K, 0% used [0x00000000e8c00000,0x00000000e8c00000,0x00000000ea000000)
 ParOldGen       total 193536K, used 156532K [0x0000000081e00000, 0x000000008db00000, 0x00000000d5f80000)
  object space 193536K, 80% used [0x0000000081e00000,0x000000008b6dd2f8,0x000000008db00000)
 Metaspace       used 28916K, capacity 30063K, committed 30128K, reserved 1075200K
  class space    used 3720K, capacity 3969K, committed 4016K, reserved 1048576K
}
Event: 20.389 GC heap before
{Heap before GC invocations=14 (full 1):
 PSYoungGen      total 327168K, used 321193K [0x00000000d5f80000, 0x00000000eb400000, 0x0000000100000000)
  eden space 307712K, 100% used [0x00000000d5f80000,0x00000000e8c00000,0x00000000e8c00000)
  from space 19456K, 69% used [0x00000000ea100000,0x00000000eae2a730,0x00000000eb400000)
  to   space 20480K, 0% used [0x00000000e8c00000,0x00000000e8c00000,0x00000000ea000000)
 ParOldGen       total 193536K, used 156532K [0x0000000081e00000, 0x000000008db00000, 0x00000000d5f80000)
  object space 193536K, 80% used [0x0000000081e00000,0x000000008b6dd2f8,0x000000008db00000)
 Metaspace       used 29102K, capacity 30267K, committed 30384K, reserved 1075200K
  class space    used 3722K, capacity 3971K, committed 4016K, reserved 1048576K
Event: 20.405 GC heap after
Heap after GC invocations=14 (full 1):
 PSYoungGen      total 328192K, used 20472K [0x00000000d5f80000, 0x00000000f6080000, 0x0000000100000000)
  eden space 307712K, 0% used [0x00000000d5f80000,0x00000000d5f80000,0x00000000e8c00000)
  from space 20480K, 99% used [0x00000000e8c00000,0x00000000e9ffe2f8,0x00000000ea000000)
  to   space 26112K, 0% used [0x00000000f4700000,0x00000000f4700000,0x00000000f6080000)
 ParOldGen       total 193536K, used 162871K [0x0000000081e00000, 0x000000008db00000, 0x00000000d5f80000)
  object space 193536K, 84% used [0x0000000081e00000,0x000000008bd0de30,0x000000008db00000)
 Metaspace       used 29102K, capacity 30267K, committed 30384K, reserved 1075200K
  class space    used 3722K, capacity 3971K, committed 4016K, reserved 1048576K
}
Event: 22.668 GC heap before
{Heap before GC invocations=15 (full 1):
 PSYoungGen      total 328192K, used 328184K [0x00000000d5f80000, 0x00000000f6080000, 0x0000000100000000)
  eden space 307712K, 100% used [0x00000000d5f80000,0x00000000e8c00000,0x00000000e8c00000)
  from space 20480K, 99% used [0x00000000e8c00000,0x00000000e9ffe2f8,0x00000000ea000000)
  to   space 26112K, 0% used [0x00000000f4700000,0x00000000f4700000,0x00000000f6080000)
 ParOldGen       total 193536K, used 162871K [0x0000000081e00000, 0x000000008db00000, 0x00000000d5f80000)
  object space 193536K, 84% used [0x0000000081e00000,0x000000008bd0de30,0x000000008db00000)
 Metaspace       used 29399K, capacity 30585K, committed 30640K, reserved 1075200K
  class space    used 3738K, capacity 4008K, committed 4016K, reserved 1048576K
Event: 22.683 GC heap after
Heap after GC invocations=15 (full 1):
 PSYoungGen      total 494592K, used 24080K [0x00000000d5f80000, 0x00000000f6300000, 0x0000000100000000)
  eden space 468480K, 0% used [0x00000000d5f80000,0x00000000d5f80000,0x00000000f2900000)
  from space 26112K, 92% used [0x00000000f4700000,0x00000000f5e842a8,0x00000000f6080000)
  to   space 29696K, 0% used [0x00000000f2900000,0x00000000f2900000,0x00000000f4600000)
 ParOldGen       total 193536K, used 165510K [0x0000000081e00000, 0x000000008db00000, 0x00000000d5f80000)
  object space 193536K, 85% used [0x0000000081e00000,0x000000008bfa19d8,0x000000008db00000)
 Metaspace       used 29399K, capacity 30585K, committed 30640K, reserved 1075200K
  class space    used 3738K, capacity 4008K, committed 4016K, reserved 1048576K
}

