# JRE version: Java(TM) SE Runtime Environment (8.0_271-b09) (build 1.8.0_271-b09)
# Java VM: Java HotSpot(TM) 64-Bit Server VM (25.271-b09 mixed mode windows-amd64 compressed oops)
Heap:
 PSYoungGen      total 92160K, used 14260K [0x00000000d5f80000, 0x00000000dc880000, 0x0000000100000000)
  eden space 78336K, 2% used [0x00000000d5f80000,0x00000000d61120c8,0x00000000dac00000)
  from space 13824K, 91% used [0x00000000dac00000,0x00000000db85b148,0x00000000db980000)
  to   space 14848K, 0% used [0x00000000db980000,0x00000000db980000,0x00000000dc800000)
 ParOldGen       total 218624K, used 135181K [0x0000000081e00000, 0x000000008f380000, 0x00000000d5f80000)
  object space 218624K, 61% used [0x0000000081e00000,0x000000008a2034a8,0x000000008f380000)
 Metaspace       used 26774K, capacity 27812K, committed 28032K, reserved 1073152K
  class space    used 3627K, capacity 3873K, committed 3968K, reserved 1048576K
GC Heap History (10 events):
Event: 6.471 GC heap before
{Heap before GC invocations=6 (full 1):
 PSYoungGen      total 46592K, used 45452K [0x00000000d5f80000, 0x00000000d9580000, 0x0000000100000000)
  eden space 41472K, 99% used [0x00000000d5f80000,0x00000000d87f8e10,0x00000000d8800000)
  from space 5120K, 78% used [0x00000000d8d00000,0x00000000d90ea400,0x00000000d9200000)
  to   space 5120K, 0% used [0x00000000d8800000,0x00000000d8800000,0x00000000d8d00000)
 ParOldGen       total 218624K, used 131422K [0x0000000081e00000, 0x000000008f380000, 0x00000000d5f80000)
  object space 218624K, 60% used [0x0000000081e00000,0x0000000089e578e8,0x000000008f380000)
 Metaspace       used 25756K, capacity 26742K, committed 27136K, reserved 1073152K
  class space    used 3542K, capacity 3776K, committed 3840K, reserved 1048576K
Event: 6.475 GC heap after
Heap after GC invocations=6 (full 1):
 PSYoungGen      total 46592K, used 3980K [0x00000000d5f80000, 0x00000000dc800000, 0x0000000100000000)
  eden space 41472K, 0% used [0x00000000d5f80000,0x00000000d5f80000,0x00000000d8800000)
  from space 5120K, 77% used [0x00000000d8800000,0x00000000d8be3078,0x00000000d8d00000)
  to   space 14848K, 0% used [0x00000000db980000,0x00000000db980000,0x00000000dc800000)
 ParOldGen       total 218624K, used 131430K [0x0000000081e00000, 0x000000008f380000, 0x00000000d5f80000)
  object space 218624K, 60% used [0x0000000081e00000,0x0000000089e598e8,0x000000008f380000)
 Metaspace       used 25756K, capacity 26742K, committed 27136K, reserved 1073152K
  class space    used 3542K, capacity 3776K, committed 3840K, reserved 1048576K
}
Event: 6.482 GC heap before
{Heap before GC invocations=7 (full 1):
 PSYoungGen      total 46592K, used 45435K [0x00000000d5f80000, 0x00000000dc800000, 0x0000000100000000)
  eden space 41472K, 99% used [0x00000000d5f80000,0x00000000d87fbdd8,0x00000000d8800000)
  from space 5120K, 77% used [0x00000000d8800000,0x00000000d8be3078,0x00000000d8d00000)
  to   space 14848K, 0% used [0x00000000db980000,0x00000000db980000,0x00000000dc800000)
 ParOldGen       total 218624K, used 131430K [0x0000000081e00000, 0x000000008f380000, 0x00000000d5f80000)
  object space 218624K, 60% used [0x0000000081e00000,0x0000000089e598e8,0x000000008f380000)
 Metaspace       used 25762K, capacity 26742K, committed 27136K, reserved 1073152K
  class space    used 3542K, capacity 3776K, committed 3840K, reserved 1048576K
Event: 6.486 GC heap after
Heap after GC invocations=7 (full 1):
 PSYoungGen      total 93184K, used 4096K [0x00000000d5f80000, 0x00000000dc880000, 0x0000000100000000)
  eden space 78336K, 0% used [0x00000000d5f80000,0x00000000d5f80000,0x00000000dac00000)
  from space 14848K, 27% used [0x00000000db980000,0x00000000dbd80290,0x00000000dc800000)
  to   space 13824K, 0% used [0x00000000dac00000,0x00000000dac00000,0x00000000db980000)
 ParOldGen       total 218624K, used 131430K [0x0000000081e00000, 0x000000008f380000, 0x00000000d5f80000)
  object space 218624K, 60% used [0x0000000081e00000,0x0000000089e598e8,0x000000008f380000)
 Metaspace       used 25762K, capacity 26742K, committed 27136K, reserved 1073152K
  class space    used 3542K, capacity 3776K, committed 3840K, reserved 1048576K
}
Event: 6.511 GC heap before
{Heap before GC invocations=8 (full 1):
 PSYoungGen      total 93184K, used 82365K [0x00000000d5f80000, 0x00000000dc880000, 0x0000000100000000)
  eden space 78336K, 99% used [0x00000000d5f80000,0x00000000dabef348,0x00000000dac00000)
  from space 14848K, 27% used [0x00000000db980000,0x00000000dbd80290,0x00000000dc800000)
  to   space 13824K, 0% used [0x00000000dac00000,0x00000000dac00000,0x00000000db980000)
 ParOldGen       total 218624K, used 131430K [0x0000000081e00000, 0x000000008f380000, 0x00000000d5f80000)
  object space 218624K, 60% used [0x0000000081e00000,0x0000000089e598e8,0x000000008f380000)
 Metaspace       used 25763K, capacity 26742K, committed 27136K, reserved 1073152K
  class space    used 3542K, capacity 3776K, committed 3840K, reserved 1048576K
Event: 6.515 GC heap after
Heap after GC invocations=8 (full 1):
 PSYoungGen      total 92160K, used 4075K [0x00000000d5f80000, 0x00000000dc880000, 0x0000000100000000)
  eden space 78336K, 0% used [0x00000000d5f80000,0x00000000d5f80000,0x00000000dac00000)
  from space 13824K, 29% used [0x00000000dac00000,0x00000000daffafd8,0x00000000db980000)
  to   space 14848K, 0% used [0x00000000db980000,0x00000000db980000,0x00000000dc800000)
 ParOldGen       total 218624K, used 131438K [0x0000000081e00000, 0x000000008f380000, 0x00000000d5f80000)
  object space 218624K, 60% used [0x0000000081e00000,0x0000000089e5b8e8,0x000000008f380000)
 Metaspace       used 25763K, capacity 26742K, committed 27136K, reserved 1073152K
  class space    used 3542K, capacity 3776K, committed 3840K, reserved 1048576K
}
Event: 6.578 GC heap before
{Heap before GC invocations=9 (full 1):
 PSYoungGen      total 92160K, used 82411K [0x00000000d5f80000, 0x00000000dc880000, 0x0000000100000000)
  eden space 78336K, 100% used [0x00000000d5f80000,0x00000000dac00000,0x00000000dac00000)
  from space 13824K, 29% used [0x00000000dac00000,0x00000000daffafd8,0x00000000db980000)
  to   space 14848K, 0% used [0x00000000db980000,0x00000000db980000,0x00000000dc800000)
 ParOldGen       total 218624K, used 131438K [0x0000000081e00000, 0x000000008f380000, 0x00000000d5f80000)
  object space 218624K, 60% used [0x0000000081e00000,0x0000000089e5b8e8,0x000000008f380000)
 Metaspace       used 25823K, capacity 26806K, committed 27136K, reserved 1073152K
  class space    used 3547K, capacity 3776K, committed 3840K, reserved 1048576K
Event: 6.582 GC heap after
Heap after GC invocations=9 (full 1):
 PSYoungGen      total 93184K, used 766K [0x00000000d5f80000, 0x00000000dc880000, 0x0000000100000000)
  eden space 78336K, 0% used [0x00000000d5f80000,0x00000000d5f80000,0x00000000dac00000)
  from space 14848K, 5% used [0x00000000db980000,0x00000000dba3f978,0x00000000dc800000)
  to   space 13824K, 0% used [0x00000000dac00000,0x00000000dac00000,0x00000000db980000)
 ParOldGen       total 218624K, used 135157K [0x0000000081e00000, 0x000000008f380000, 0x00000000d5f80000)
  object space 218624K, 61% used [0x0000000081e00000,0x000000008a1fd4a8,0x000000008f380000)
 Metaspace       used 25823K, capacity 26806K, committed 27136K, reserved 1073152K
  class space    used 3547K, capacity 3776K, committed 3840K, reserved 1048576K
}
Event: 7.952 GC heap before
{Heap before GC invocations=10 (full 1):
 PSYoungGen      total 93184K, used 79071K [0x00000000d5f80000, 0x00000000dc880000, 0x0000000100000000)
  eden space 78336K, 99% used [0x00000000d5f80000,0x00000000dabf85e8,0x00000000dac00000)
  from space 14848K, 5% used [0x00000000db980000,0x00000000dba3f978,0x00000000dc800000)
  to   space 13824K, 0% used [0x00000000dac00000,0x00000000dac00000,0x00000000db980000)
 ParOldGen       total 218624K, used 135157K [0x0000000081e00000, 0x000000008f380000, 0x00000000d5f80000)
  object space 218624K, 61% used [0x0000000081e00000,0x000000008a1fd4a8,0x000000008f380000)
 Metaspace       used 26773K, capacity 27812K, committed 28032K, reserved 1073152K
  class space    used 3627K, capacity 3873K, committed 3968K, reserved 1048576K
Event: 7.958 GC heap after
Heap after GC invocations=10 (full 1):
 PSYoungGen      total 92160K, used 12652K [0x00000000d5f80000, 0x00000000dc880000, 0x0000000100000000)
  eden space 78336K, 0% used [0x00000000d5f80000,0x00000000d5f80000,0x00000000dac00000)
  from space 13824K, 91% used [0x00000000dac00000,0x00000000db85b148,0x00000000db980000)
  to   space 14848K, 0% used [0x00000000db980000,0x00000000db980000,0x00000000dc800000)
 ParOldGen       total 218624K, used 135181K [0x0000000081e00000, 0x000000008f380000, 0x00000000d5f80000)
  object space 218624K, 61% used [0x0000000081e00000,0x000000008a2034a8,0x000000008f380000)
 Metaspace       used 26773K, capacity 27812K, committed 28032K, reserved 1073152K
  class space    used 3627K, capacity 3873K, committed 3968K, reserved 1048576K
}

