# JRE version: Java(TM) SE Runtime Environment (8.0_271-b09) (build 1.8.0_271-b09)
# Java VM: Java HotSpot(TM) 64-Bit Server VM (25.271-b09 mixed mode windows-amd64 compressed oops)
Heap:
 PSYoungGen      total 565248K, used 542331K [0x00000000d5f80000, 0x00000000fd480000, 0x0000000100000000)
  eden space 502784K, 95% used [0x00000000d5f80000,0x00000000f3638418,0x00000000f4a80000)
  from space 62464K, 96% used [0x00000000f4a80000,0x00000000f8566858,0x00000000f8780000)
  to   space 53248K, 0% used [0x00000000fa080000,0x00000000fa080000,0x00000000fd480000)
 ParOldGen       total 178176K, used 119047K [0x0000000081e00000, 0x000000008cc00000, 0x00000000d5f80000)
  object space 178176K, 66% used [0x0000000081e00000,0x0000000089241ef0,0x000000008cc00000)
 Metaspace       used 30241K, capacity 31404K, committed 31616K, reserved 1077248K
  class space    used 3848K, capacity 4117K, committed 4224K, reserved 1048576K
GC Heap History (10 events):
Event: 89.468 GC heap before
{Heap before GC invocations=41 (full 2):
 PSYoungGen      total 564736K, used 544782K [0x00000000d5f80000, 0x00000000fc480000, 0x0000000100000000)
  eden space 502784K, 100% used [0x00000000d5f80000,0x00000000f4a80000,0x00000000f4a80000)
  from space 61952K, 67% used [0x00000000f8800000,0x00000000fb1038b8,0x00000000fc480000)
  to   space 62464K, 0% used [0x00000000f4a80000,0x00000000f4a80000,0x00000000f8780000)
 ParOldGen       total 178176K, used 112790K [0x0000000081e00000, 0x000000008cc00000, 0x00000000d5f80000)
  object space 178176K, 63% used [0x0000000081e00000,0x0000000088c25a58,0x000000008cc00000)
 Metaspace       used 30161K, capacity 31328K, committed 31616K, reserved 1077248K
  class space    used 3842K, capacity 4115K, committed 4224K, reserved 1048576K
Event: 89.478 GC heap after
Heap after GC invocations=41 (full 2):
 PSYoungGen      total 565248K, used 40449K [0x00000000d5f80000, 0x00000000fc480000, 0x0000000100000000)
  eden space 502784K, 0% used [0x00000000d5f80000,0x00000000d5f80000,0x00000000f4a80000)
  from space 62464K, 64% used [0x00000000f4a80000,0x00000000f72006e8,0x00000000f8780000)
  to   space 61952K, 0% used [0x00000000f8800000,0x00000000f8800000,0x00000000fc480000)
 ParOldGen       total 178176K, used 112790K [0x0000000081e00000, 0x000000008cc00000, 0x00000000d5f80000)
  object space 178176K, 63% used [0x0000000081e00000,0x0000000088c25a58,0x000000008cc00000)
 Metaspace       used 30161K, capacity 31328K, committed 31616K, reserved 1077248K
  class space    used 3842K, capacity 4115K, committed 4224K, reserved 1048576K
}
Event: 91.814 GC heap before
{Heap before GC invocations=42 (full 2):
 PSYoungGen      total 565248K, used 540170K [0x00000000d5f80000, 0x00000000fc480000, 0x0000000100000000)
  eden space 502784K, 99% used [0x00000000d5f80000,0x00000000f4782450,0x00000000f4a80000)
  from space 62464K, 64% used [0x00000000f4a80000,0x00000000f72006e8,0x00000000f8780000)
  to   space 61952K, 0% used [0x00000000f8800000,0x00000000f8800000,0x00000000fc480000)
 ParOldGen       total 178176K, used 112790K [0x0000000081e00000, 0x000000008cc00000, 0x00000000d5f80000)
  object space 178176K, 63% used [0x0000000081e00000,0x0000000088c25a58,0x000000008cc00000)
 Metaspace       used 30226K, capacity 31340K, committed 31616K, reserved 1077248K
  class space    used 3847K, capacity 4117K, committed 4224K, reserved 1048576K
Event: 91.821 GC heap after
Heap after GC invocations=42 (full 2):
 PSYoungGen      total 564736K, used 37759K [0x00000000d5f80000, 0x00000000fc480000, 0x0000000100000000)
  eden space 502784K, 0% used [0x00000000d5f80000,0x00000000d5f80000,0x00000000f4a80000)
  from space 61952K, 60% used [0x00000000f8800000,0x00000000facdfc88,0x00000000fc480000)
  to   space 62464K, 0% used [0x00000000f4a80000,0x00000000f4a80000,0x00000000f8780000)
 ParOldGen       total 178176K, used 112790K [0x0000000081e00000, 0x000000008cc00000, 0x00000000d5f80000)
  object space 178176K, 63% used [0x0000000081e00000,0x0000000088c25a58,0x000000008cc00000)
 Metaspace       used 30226K, capacity 31340K, committed 31616K, reserved 1077248K
  class space    used 3847K, capacity 4117K, committed 4224K, reserved 1048576K
}
Event: 93.232 GC heap before
{Heap before GC invocations=43 (full 2):
 PSYoungGen      total 564736K, used 540543K [0x00000000d5f80000, 0x00000000fc480000, 0x0000000100000000)
  eden space 502784K, 100% used [0x00000000d5f80000,0x00000000f4a80000,0x00000000f4a80000)
  from space 61952K, 60% used [0x00000000f8800000,0x00000000facdfc88,0x00000000fc480000)
  to   space 62464K, 0% used [0x00000000f4a80000,0x00000000f4a80000,0x00000000f8780000)
 ParOldGen       total 178176K, used 112790K [0x0000000081e00000, 0x000000008cc00000, 0x00000000d5f80000)
  object space 178176K, 63% used [0x0000000081e00000,0x0000000088c25a58,0x000000008cc00000)
 Metaspace       used 30232K, capacity 31340K, committed 31616K, reserved 1077248K
  class space    used 3848K, capacity 4117K, committed 4224K, reserved 1048576K
Event: 93.239 GC heap after
Heap after GC invocations=43 (full 2):
 PSYoungGen      total 565248K, used 40484K [0x00000000d5f80000, 0x00000000fd480000, 0x0000000100000000)
  eden space 502784K, 0% used [0x00000000d5f80000,0x00000000d5f80000,0x00000000f4a80000)
  from space 62464K, 64% used [0x00000000f4a80000,0x00000000f72092a8,0x00000000f8780000)
  to   space 53248K, 0% used [0x00000000fa080000,0x00000000fa080000,0x00000000fd480000)
 ParOldGen       total 178176K, used 112790K [0x0000000081e00000, 0x000000008cc00000, 0x00000000d5f80000)
  object space 178176K, 63% used [0x0000000081e00000,0x0000000088c25a58,0x000000008cc00000)
 Metaspace       used 30232K, capacity 31340K, committed 31616K, reserved 1077248K
  class space    used 3848K, capacity 4117K, committed 4224K, reserved 1048576K
}
Event: 94.286 GC heap before
{Heap before GC invocations=44 (full 2):
 PSYoungGen      total 565248K, used 543268K [0x00000000d5f80000, 0x00000000fd480000, 0x0000000100000000)
  eden space 502784K, 100% used [0x00000000d5f80000,0x00000000f4a80000,0x00000000f4a80000)
  from space 62464K, 64% used [0x00000000f4a80000,0x00000000f72092a8,0x00000000f8780000)
  to   space 53248K, 0% used [0x00000000fa080000,0x00000000fa080000,0x00000000fd480000)
 ParOldGen       total 178176K, used 112790K [0x0000000081e00000, 0x000000008cc00000, 0x00000000d5f80000)
  object space 178176K, 63% used [0x0000000081e00000,0x0000000088c25a58,0x000000008cc00000)
 Metaspace       used 30234K, capacity 31340K, committed 31616K, reserved 1077248K
  class space    used 3848K, capacity 4117K, committed 4224K, reserved 1048576K
Event: 94.317 GC heap after
Heap after GC invocations=44 (full 2):
 PSYoungGen      total 556032K, used 53236K [0x00000000d5f80000, 0x00000000fd480000, 0x0000000100000000)
  eden space 502784K, 0% used [0x00000000d5f80000,0x00000000d5f80000,0x00000000f4a80000)
  from space 53248K, 99% used [0x00000000fa080000,0x00000000fd47d248,0x00000000fd480000)
  to   space 62464K, 0% used [0x00000000f4a80000,0x00000000f4a80000,0x00000000f8780000)
 ParOldGen       total 178176K, used 118336K [0x0000000081e00000, 0x000000008cc00000, 0x00000000d5f80000)
  object space 178176K, 66% used [0x0000000081e00000,0x00000000891900d0,0x000000008cc00000)
 Metaspace       used 30234K, capacity 31340K, committed 31616K, reserved 1077248K
  class space    used 3848K, capacity 4117K, committed 4224K, reserved 1048576K
}
Event: 96.161 GC heap before
{Heap before GC invocations=45 (full 2):
 PSYoungGen      total 556032K, used 556020K [0x00000000d5f80000, 0x00000000fd480000, 0x0000000100000000)
  eden space 502784K, 100% used [0x00000000d5f80000,0x00000000f4a80000,0x00000000f4a80000)
  from space 53248K, 99% used [0x00000000fa080000,0x00000000fd47d248,0x00000000fd480000)
  to   space 62464K, 0% used [0x00000000f4a80000,0x00000000f4a80000,0x00000000f8780000)
 ParOldGen       total 178176K, used 118336K [0x0000000081e00000, 0x000000008cc00000, 0x00000000d5f80000)
  object space 178176K, 66% used [0x0000000081e00000,0x00000000891900d0,0x000000008cc00000)
 Metaspace       used 30237K, capacity 31340K, committed 31616K, reserved 1077248K
  class space    used 3848K, capacity 4117K, committed 4224K, reserved 1048576K
Event: 96.181 GC heap after
Heap after GC invocations=45 (full 2):
 PSYoungGen      total 565248K, used 60314K [0x00000000d5f80000, 0x00000000fd480000, 0x0000000100000000)
  eden space 502784K, 0% used [0x00000000d5f80000,0x00000000d5f80000,0x00000000f4a80000)
  from space 62464K, 96% used [0x00000000f4a80000,0x00000000f8566858,0x00000000f8780000)
  to   space 53248K, 0% used [0x00000000fa080000,0x00000000fa080000,0x00000000fd480000)
 ParOldGen       total 178176K, used 119047K [0x0000000081e00000, 0x000000008cc00000, 0x00000000d5f80000)
  object space 178176K, 66% used [0x0000000081e00000,0x0000000089241ef0,0x000000008cc00000)
 Metaspace       used 30237K, capacity 31340K, committed 31616K, reserved 1077248K
  class space    used 3848K, capacity 4117K, committed 4224K, reserved 1048576K
}

