# JRE version: Java(TM) SE Runtime Environment (8.0_271-b09) (build 1.8.0_271-b09)
# Java VM: Java HotSpot(TM) 64-Bit Server VM (25.271-b09 mixed mode windows-amd64 compressed oops)
Heap:
 PSYoungGen      total 207360K, used 30124K [0x00000000d5f80000, 0x00000000e9800000, 0x0000000100000000)
  eden space 178176K, 8% used [0x00000000d5f80000,0x00000000d6ddfb50,0x00000000e0d80000)
  from space 29184K, 52% used [0x00000000e0d80000,0x00000000e1c8b610,0x00000000e2a00000)
  to   space 29184K, 0% used [0x00000000e7b80000,0x00000000e7b80000,0x00000000e9800000)
 ParOldGen       total 211968K, used 173693K [0x0000000081e00000, 0x000000008ed00000, 0x00000000d5f80000)
  object space 211968K, 81% used [0x0000000081e00000,0x000000008c79f690,0x000000008ed00000)
 Metaspace       used 27325K, capacity 28408K, committed 28416K, reserved 1073152K
  class space    used 3596K, capacity 3837K, committed 3840K, reserved 1048576K
GC Heap History (10 events):
Event: 9.965 GC heap before
{Heap before GC invocations=7 (full 1):
 PSYoungGen      total 71168K, used 69237K [0x00000000d5f80000, 0x00000000de400000, 0x0000000100000000)
  eden space 66048K, 99% used [0x00000000d5f80000,0x00000000d9fe9618,0x00000000da000000)
  from space 5120K, 64% used [0x00000000da000000,0x00000000da333fe0,0x00000000da500000)
  to   space 17920K, 0% used [0x00000000dd280000,0x00000000dd280000,0x00000000de400000)
 ParOldGen       total 211968K, used 137432K [0x0000000081e00000, 0x000000008ed00000, 0x00000000d5f80000)
  object space 211968K, 64% used [0x0000000081e00000,0x000000008a436220,0x000000008ed00000)
 Metaspace       used 25050K, capacity 25984K, committed 26240K, reserved 1071104K
  class space    used 3467K, capacity 3661K, committed 3712K, reserved 1048576K
Event: 9.969 GC heap after
Heap after GC invocations=7 (full 1):
 PSYoungGen      total 118272K, used 3306K [0x00000000d5f80000, 0x00000000dfc00000, 0x0000000100000000)
  eden space 100352K, 0% used [0x00000000d5f80000,0x00000000d5f80000,0x00000000dc180000)
  from space 17920K, 18% used [0x00000000dd280000,0x00000000dd5ba820,0x00000000de400000)
  to   space 17408K, 0% used [0x00000000dc180000,0x00000000dc180000,0x00000000dd280000)
 ParOldGen       total 211968K, used 137440K [0x0000000081e00000, 0x000000008ed00000, 0x00000000d5f80000)
  object space 211968K, 64% used [0x0000000081e00000,0x000000008a438220,0x000000008ed00000)
 Metaspace       used 25050K, capacity 25984K, committed 26240K, reserved 1071104K
  class space    used 3467K, capacity 3661K, committed 3712K, reserved 1048576K
}
Event: 9.998 GC heap before
{Heap before GC invocations=8 (full 1):
 PSYoungGen      total 118272K, used 103611K [0x00000000d5f80000, 0x00000000dfc00000, 0x0000000100000000)
  eden space 100352K, 99% used [0x00000000d5f80000,0x00000000dc174720,0x00000000dc180000)
  from space 17920K, 18% used [0x00000000dd280000,0x00000000dd5ba820,0x00000000de400000)
  to   space 17408K, 0% used [0x00000000dc180000,0x00000000dc180000,0x00000000dd280000)
 ParOldGen       total 211968K, used 137440K [0x0000000081e00000, 0x000000008ed00000, 0x00000000d5f80000)
  object space 211968K, 64% used [0x0000000081e00000,0x000000008a438220,0x000000008ed00000)
 Metaspace       used 25051K, capacity 25984K, committed 26240K, reserved 1071104K
  class space    used 3467K, capacity 3661K, committed 3712K, reserved 1048576K
Event: 10.002 GC heap after
Heap after GC invocations=8 (full 1):
 PSYoungGen      total 117760K, used 3426K [0x00000000d5f80000, 0x00000000e3a00000, 0x0000000100000000)
  eden space 100352K, 0% used [0x00000000d5f80000,0x00000000d5f80000,0x00000000dc180000)
  from space 17408K, 19% used [0x00000000dc180000,0x00000000dc4d88a0,0x00000000dd280000)
  to   space 16384K, 0% used [0x00000000e2a00000,0x00000000e2a00000,0x00000000e3a00000)
 ParOldGen       total 211968K, used 137448K [0x0000000081e00000, 0x000000008ed00000, 0x00000000d5f80000)
  object space 211968K, 64% used [0x0000000081e00000,0x000000008a43a220,0x000000008ed00000)
 Metaspace       used 25051K, capacity 25984K, committed 26240K, reserved 1071104K
  class space    used 3467K, capacity 3661K, committed 3712K, reserved 1048576K
}
Event: 10.558 GC heap before
{Heap before GC invocations=9 (full 1):
 PSYoungGen      total 117760K, used 103778K [0x00000000d5f80000, 0x00000000e3a00000, 0x0000000100000000)
  eden space 100352K, 100% used [0x00000000d5f80000,0x00000000dc180000,0x00000000dc180000)
  from space 17408K, 19% used [0x00000000dc180000,0x00000000dc4d88a0,0x00000000dd280000)
  to   space 16384K, 0% used [0x00000000e2a00000,0x00000000e2a00000,0x00000000e3a00000)
 ParOldGen       total 211968K, used 137448K [0x0000000081e00000, 0x000000008ed00000, 0x00000000d5f80000)
  object space 211968K, 64% used [0x0000000081e00000,0x000000008a43a220,0x000000008ed00000)
 Metaspace       used 25858K, capacity 26838K, committed 27136K, reserved 1073152K
  class space    used 3540K, capacity 3782K, committed 3840K, reserved 1048576K
Event: 10.568 GC heap after
Heap after GC invocations=9 (full 1):
 PSYoungGen      total 202240K, used 5299K [0x00000000d5f80000, 0x00000000e3700000, 0x0000000100000000)
  eden space 188928K, 0% used [0x00000000d5f80000,0x00000000d5f80000,0x00000000e1800000)
  from space 13312K, 39% used [0x00000000e2a00000,0x00000000e2f2cd58,0x00000000e3700000)
  to   space 15872K, 0% used [0x00000000e1800000,0x00000000e1800000,0x00000000e2780000)
 ParOldGen       total 211968K, used 140402K [0x0000000081e00000, 0x000000008ed00000, 0x00000000d5f80000)
  object space 211968K, 66% used [0x0000000081e00000,0x000000008a71ca00,0x000000008ed00000)
 Metaspace       used 25858K, capacity 26838K, committed 27136K, reserved 1073152K
  class space    used 3540K, capacity 3782K, committed 3840K, reserved 1048576K
}
Event: 14.529 GC heap before
{Heap before GC invocations=10 (full 1):
 PSYoungGen      total 202240K, used 193964K [0x00000000d5f80000, 0x00000000e3700000, 0x0000000100000000)
  eden space 188928K, 99% used [0x00000000d5f80000,0x00000000e17be3c8,0x00000000e1800000)
  from space 13312K, 39% used [0x00000000e2a00000,0x00000000e2f2cd58,0x00000000e3700000)
  to   space 15872K, 0% used [0x00000000e1800000,0x00000000e1800000,0x00000000e2780000)
 ParOldGen       total 211968K, used 140402K [0x0000000081e00000, 0x000000008ed00000, 0x00000000d5f80000)
  object space 211968K, 66% used [0x0000000081e00000,0x000000008a71ca00,0x000000008ed00000)
 Metaspace       used 26941K, capacity 28010K, committed 28160K, reserved 1073152K
  class space    used 3590K, capacity 3836K, committed 3840K, reserved 1048576K
Event: 14.544 GC heap after
Heap after GC invocations=10 (full 1):
 PSYoungGen      total 204800K, used 15842K [0x00000000d5f80000, 0x00000000e3700000, 0x0000000100000000)
  eden space 188928K, 0% used [0x00000000d5f80000,0x00000000d5f80000,0x00000000e1800000)
  from space 15872K, 99% used [0x00000000e1800000,0x00000000e27789e0,0x00000000e2780000)
  to   space 13312K, 0% used [0x00000000e2a00000,0x00000000e2a00000,0x00000000e3700000)
 ParOldGen       total 211968K, used 147042K [0x0000000081e00000, 0x000000008ed00000, 0x00000000d5f80000)
  object space 211968K, 69% used [0x0000000081e00000,0x000000008ad988b8,0x000000008ed00000)
 Metaspace       used 26941K, capacity 28010K, committed 28160K, reserved 1073152K
  class space    used 3590K, capacity 3836K, committed 3840K, reserved 1048576K
}
Event: 15.677 GC heap before
{Heap before GC invocations=11 (full 1):
 PSYoungGen      total 204800K, used 204730K [0x00000000d5f80000, 0x00000000e3700000, 0x0000000100000000)
  eden space 188928K, 99% used [0x00000000d5f80000,0x00000000e17f5e98,0x00000000e1800000)
  from space 15872K, 99% used [0x00000000e1800000,0x00000000e27789e0,0x00000000e2780000)
  to   space 13312K, 0% used [0x00000000e2a00000,0x00000000e2a00000,0x00000000e3700000)
 ParOldGen       total 211968K, used 147042K [0x0000000081e00000, 0x000000008ed00000, 0x00000000d5f80000)
  object space 211968K, 69% used [0x0000000081e00000,0x000000008ad988b8,0x000000008ed00000)
 Metaspace       used 27120K, capacity 28216K, committed 28416K, reserved 1073152K
  class space    used 3596K, capacity 3837K, committed 3840K, reserved 1048576K
Event: 15.696 GC heap after
Heap after GC invocations=11 (full 1):
 PSYoungGen      total 191488K, used 13281K [0x00000000d5f80000, 0x00000000eac80000, 0x0000000100000000)
  eden space 178176K, 0% used [0x00000000d5f80000,0x00000000d5f80000,0x00000000e0d80000)
  from space 13312K, 99% used [0x00000000e2a00000,0x00000000e36f8648,0x00000000e3700000)
  to   space 29184K, 0% used [0x00000000e0d80000,0x00000000e0d80000,0x00000000e2a00000)
 ParOldGen       total 211968K, used 167304K [0x0000000081e00000, 0x000000008ed00000, 0x00000000d5f80000)
  object space 211968K, 78% used [0x0000000081e00000,0x000000008c1620c0,0x000000008ed00000)
 Metaspace       used 27120K, capacity 28216K, committed 28416K, reserved 1073152K
  class space    used 3596K, capacity 3837K, committed 3840K, reserved 1048576K
}

